<?xml version="1.0" encoding="UTF-8"?>
<!-- Generated by org.testng.reporters.JUnitReportReporter -->
<testsuite hostname="LAPTOP-4CRPGVJ2" failures="0" tests="2" name="testngtest.Checkingtestsequence" time="0.012" errors="0" timestamp="2023-02-05T12:43:28 IST" skipped="0">
  <testcase classname="testngtest.Checkingtestsequence" name="ab" time="0.011"/>
  <system-out>
    <![CDATA[checking reporter]]>
  </system-out>
  <testcase classname="testngtest.Checkingtestsequence" name="ba" time="0.001"/>
  <system-out/>
</testsuite> <!-- testngtest.Checkingtestsequence -->
